<?xml version="1.0" encoding="UTF-8"?>
<!-- Generated by org.testng.reporters.JUnitReportReporter -->
<testsuite skipped="0" hostname="VIJAYKAKUNURI" name="qaclickacademy.SeleniumTest" tests="1" failures="0" timestamp="2022-01-10T22:59:14 EST" time="0.008" errors="0">
  <testcase name="selTest1" time="0.008" classname="qaclickacademy.SeleniumTest"/>
  <system-out/>
</testsuite> <!-- qaclickacademy.SeleniumTest -->
