<?xml version="1.0" encoding="UTF-8"?>
<!-- Generated by org.testng.reporters.JUnitReportReporter -->
<testsuite skipped="0" hostname="VIJAYKAKUNURI" name="qaclickacademy.AppiumTest" tests="2" failures="0" timestamp="2022-01-10T23:44:32 EST" time="0.004" errors="0">
  <testcase name="appiumTest2" time="0.000" classname="qaclickacademy.AppiumTest"/>
  <system-out/>
  <testcase name="appiumTest1" time="0.004" classname="qaclickacademy.AppiumTest"/>
  <system-out/>
</testsuite> <!-- qaclickacademy.AppiumTest -->
