<?xml version="1.0" encoding="UTF-8"?>
<!-- Generated by org.testng.reporters.JUnitReportReporter -->
<testsuite skipped="0" hostname="VIJAYKAKUNURI" name="qaclickacademy.RestAPITest" tests="2" failures="0" timestamp="2022-01-10T23:44:47 EST" time="0.000" errors="0">
  <testcase name="apiTest2" time="0.000" classname="qaclickacademy.RestAPITest"/>
  <system-out/>
  <testcase name="apiTest1" time="0.000" classname="qaclickacademy.RestAPITest"/>
  <system-out/>
</testsuite> <!-- qaclickacademy.RestAPITest -->
