<?xml version="1.0" encoding="UTF-8"?>
<!-- Generated by org.testng.reporters.JUnitReportReporter -->
<testsuite skipped="0" hostname="VIJAYKAKUNURI" name="qaclickacademy.SeleniumTest" tests="2" failures="0" timestamp="2022-01-10T23:44:47 EST" time="0.005" errors="0">
  <testcase name="selTest2" time="0.000" classname="qaclickacademy.SeleniumTest"/>
  <system-out/>
  <testcase name="selTest1" time="0.005" classname="qaclickacademy.SeleniumTest"/>
  <system-out/>
</testsuite> <!-- qaclickacademy.SeleniumTest -->
